<?xml version="1.0" encoding="UTF-8"?>
<testng-results ignored="0" total="1" passed="1" failed="0" skipped="0">
  <reporter-output>
  </reporter-output>
  <suite started-at="2023-04-21T21:12:14 IST" name="Default suite" finished-at="2023-04-21T21:12:15 IST" duration-ms="978">
    <groups>
    </groups>
    <test started-at="2023-04-21T21:12:14 IST" name="Default test" finished-at="2023-04-21T21:12:15 IST" duration-ms="978">
      <class name="com.qa.api.gorest.pojo.Combined_class">
        <test-method signature="createUserwithFull_JSON()[pri:0, instance:com.qa.api.gorest.pojo.Combined_class@e056f20]" started-at="2023-04-21T21:12:15 IST" name="createUserwithFull_JSON" finished-at="2023-04-21T21:12:15 IST" duration-ms="785" status="PASS">
          <reporter-output>
          </reporter-output>
        </test-method> <!-- createUserwithFull_JSON -->
      </class> <!-- com.qa.api.gorest.pojo.Combined_class -->
    </test> <!-- Default test -->
  </suite> <!-- Default suite -->
</testng-results>
